0 info it worked if it ends with ok
1 verbose cli [ '/usr/local/src/node-v6.9.5-linux-x64/bin/node',
1 verbose cli   '/usr/local/bin/npm',
1 verbose cli   'start' ]
2 info using npm@3.10.10
3 info using node@v6.9.5
4 verbose run-script [ 'prestart', 'start', 'poststart' ]
5 info lifecycle kafka-node-demo@1.0.0~prestart: kafka-node-demo@1.0.0
6 silly lifecycle kafka-node-demo@1.0.0~prestart: no script for prestart, continuing
7 info lifecycle kafka-node-demo@1.0.0~start: kafka-node-demo@1.0.0
8 verbose lifecycle kafka-node-demo@1.0.0~start: unsafe-perm in lifecycle true
9 verbose lifecycle kafka-node-demo@1.0.0~start: PATH: /usr/local/src/node-v6.9.5-linux-x64/lib/node_modules/npm/bin/node-gyp-bin:/var/www/node/kafka-node-demo/node_modules/.bin:/usr/local/src/node-v6.9.5-linux-x64/bin:/usr/local/sbin:/usr/local/bin:/usr/sbin:/usr/bin:/root/bin
10 verbose lifecycle kafka-node-demo@1.0.0~start: CWD: /var/www/node/kafka-node-demo
11 silly lifecycle kafka-node-demo@1.0.0~start: Args: [ '-c', 'node ./bin/www' ]
12 silly lifecycle kafka-node-demo@1.0.0~start: Returned: code: 1  signal: null
13 info lifecycle kafka-node-demo@1.0.0~start: Failed to exec start script
14 verbose stack Error: kafka-node-demo@1.0.0 start: `node ./bin/www`
14 verbose stack Exit status 1
14 verbose stack     at EventEmitter.<anonymous> (/usr/local/src/node-v6.9.5-linux-x64/lib/node_modules/npm/lib/utils/lifecycle.js:255:16)
14 verbose stack     at emitTwo (events.js:106:13)
14 verbose stack     at EventEmitter.emit (events.js:191:7)
14 verbose stack     at ChildProcess.<anonymous> (/usr/local/src/node-v6.9.5-linux-x64/lib/node_modules/npm/lib/utils/spawn.js:40:14)
14 verbose stack     at emitTwo (events.js:106:13)
14 verbose stack     at ChildProcess.emit (events.js:191:7)
14 verbose stack     at maybeClose (internal/child_process.js:877:16)
14 verbose stack     at Process.ChildProcess._handle.onexit (internal/child_process.js:226:5)
15 verbose pkgid kafka-node-demo@1.0.0
16 verbose cwd /var/www/node/kafka-node-demo
17 error Linux 3.10.0-327.el7.x86_64
18 error argv "/usr/local/src/node-v6.9.5-linux-x64/bin/node" "/usr/local/bin/npm" "start"
19 error node v6.9.5
20 error npm  v3.10.10
21 error code ELIFECYCLE
22 error kafka-node-demo@1.0.0 start: `node ./bin/www`
22 error Exit status 1
23 error Failed at the kafka-node-demo@1.0.0 start script 'node ./bin/www'.
23 error Make sure you have the latest version of node.js and npm installed.
23 error If you do, this is most likely a problem with the kafka-node-demo package,
23 error not with npm itself.
23 error Tell the author that this fails on your system:
23 error     node ./bin/www
23 error You can get information on how to open an issue for this project with:
23 error     npm bugs kafka-node-demo
23 error Or if that isn't available, you can get their info via:
23 error     npm owner ls kafka-node-demo
23 error There is likely additional logging output above.
24 verbose exit [ 1, true ]
